\BOOKMARK [0][-]{chapter*.5}{List of Figures}{}% 1
\BOOKMARK [0][-]{chapter*.6}{List of Tables}{}% 2
\BOOKMARK [0][-]{chapter.1}{Introduction}{}% 3
\BOOKMARK [1][-]{section.1.1}{Motivation}{chapter.1}% 4
\BOOKMARK [1][-]{section.1.2}{The Analyzed Scenario}{chapter.1}% 5
\BOOKMARK [1][-]{section.1.3}{Approach and Goals}{chapter.1}% 6
\BOOKMARK [1][-]{section.1.4}{Structure of the Thesis}{chapter.1}% 7
\BOOKMARK [0][-]{chapter.2}{Background}{}% 8
\BOOKMARK [1][-]{section.2.1}{State of the Art}{chapter.2}% 9
\BOOKMARK [2][-]{subsection.2.1.1}{Amazon Voice Service}{section.2.1}% 10
\BOOKMARK [1][-]{section.2.2}{Related Work}{chapter.2}% 11
\BOOKMARK [1][-]{section.2.3}{Frameworks and Data Structures}{chapter.2}% 12
\BOOKMARK [1][-]{section.2.4}{The Analysed Scenario as a Use Case}{chapter.2}% 13
\BOOKMARK [2][-]{subsection.2.4.1}{currently deployed bot}{section.2.4}% 14
\BOOKMARK [2][-]{subsection.2.4.2}{Intents and Slots}{section.2.4}% 15
\BOOKMARK [1][-]{section.2.5}{Implementation Possibilities}{chapter.2}% 16
\BOOKMARK [0][-]{chapter.3}{Skill Implementation: Dienstabfrage}{}% 17
\BOOKMARK [1][-]{section.3.1}{All about Alexa}{chapter.3}% 18
\BOOKMARK [1][-]{section.3.2}{Difference Between Lex and Alexa Skills}{chapter.3}% 19
\BOOKMARK [1][-]{section.3.3}{APIs and SDKs}{chapter.3}% 20
\BOOKMARK [1][-]{section.3.4}{challenges}{chapter.3}% 21
\BOOKMARK [0][-]{chapter.4}{Skill Implementation: Kosten-/Terminabfrage}{}% 22
\BOOKMARK [0][-]{chapter.5}{Evaluation}{}% 23
\BOOKMARK [1][-]{section.5.1}{Results}{chapter.5}% 24
\BOOKMARK [1][-]{section.5.2}{Discussions}{chapter.5}% 25
\BOOKMARK [0][-]{chapter.6}{Conclusion and Future Work}{}% 26
\BOOKMARK [1][-]{section.6.1}{Summary}{chapter.6}% 27
\BOOKMARK [1][-]{section.6.2}{Conclusion}{chapter.6}% 28
\BOOKMARK [1][-]{section.6.3}{Future Work}{chapter.6}% 29
\BOOKMARK [0][-]{section.6.3}{Bibliography}{}% 30
\BOOKMARK [0][-]{chapter*.21}{Appendices}{}% 31
\BOOKMARK [1][-]{section.6.4}{Excursus: On Etymology}{chapter*.21}% 32
\BOOKMARK [1][-]{section.6.4}{Appendix A: Abbreviations}{chapter*.21}% 33
\BOOKMARK [1][-]{section*.23}{Appendix B: Glossary}{chapter*.21}% 34
